ia,iz,Emax (default Emax = 6 MeV)
 /Users/tdisbrow2/Documents/nushellx/toi/mass-data/aud16.dat                     

Based on ENSDF from November 2016 and 2016 mass evaluation

BE     =    143.763 ( 0.003) MeV
Qbeta- =      4.820 ( 0.003) MeV

           Energy T    J+                J-               J-other                T1/2

 /Users/tdisbrow2/Documents/nushellx/toi/toi-data/ensdf.019                      
-----------------------------------------------------------------------------------------------
 19O    1 |  0.000 3/2 5/2+ |                 |                               1  26.88 S   5       
 19O    2 |  0.096     3/2+ |                 |                               2  1.39 NS   5       
 19O    3 |  1.472     1/2+ |                 |                               3  0.88 PS   12      
 19O    4 |  2.372     9/2+ |                 |                               4  2.4 PS    GT      
 19O    5 |  2.779     7/2+ |                 |                               5  64 FS     13      
 19O    6 |                 |                 |   3.067     (3/2)+            6  0.7 PS    GE      
 19O    7 |  3.154     5/2+ |                 |                               7  0.7 PS    GE      
 19O    8 |                 |                 |   3.232     (1/2,3/2-)        8                    
 19O    9 |                 |   3.945     3/2-|                               9                    
S-n    =   3.956 ( 0.003)----------------------------------------------------------------------
 19O   10 |  4.109     3/2+ |                 |                              10  15 KEV    LT      
 19O   11 |                 |                 |   4.328     3/2,5/2          11  15 KEV    LT      
 19O   12 |                 |                 |   4.403     3/2,5/2,7/2      12  15 KEV    LT      
 19O   13 |                 |   4.582     3/2-|                              13  52 KEV    3       
 19O   14 |  4.703     5/2+ |                 |                              14  15 KEV    LT      
 19O   15 |                 |                 |   4.968     5/2,7/2          15                    
 19O   16 |                 |                 |   5.007     3/2,5/2          16  15 KEV    LT      
 19O   17 |                 |   5.082     1/2-|                              17  49 KEV    5       
 19O   18 |  5.148     GE 5/|+                |                              18  3.4 KEV   10      
 19O   19 |                 |                 |   5.384     9/2,11/2,13/2    19                    
 19O   20 |                 |                 |   5.503                      20  15 KEV    LT      
 19O   21 |  5.540     3/2+ |                 |                              21  490 KEV   AP      
 19O   22 |                 |                 |   5.705     7/2-,5/2         22  7.8 KEV   14      


S-p    =  17.069 ( 0.019)----------------------------------------------------------------------
S-n    =   3.956 ( 0.003)----------------------------------------------------------------------
S-2p   =  32.277 ( 0.018)----------------------------------------------------------------------
S-2n   =  12.001 ( 0.003)----------------------------------------------------------------------
S-alpha=   8.965 ( 0.003)----------------------------------------------------------------------

S+p       = -10.639 ( 0.003)
S+n       =  -7.608 ( 0.003)
S+2p      = -23.643 ( 0.003)
S+2n      = -11.413 ( 0.012)
S+alpha   = -10.912 ( 0.003)

gap p     =   6.430 ( 0.019)
gap n     =  -3.652 ( 0.004)
gap 2p    =   8.634 ( 0.018)
gap 2n    =   0.588 ( 0.013)
gap alpha =  -1.947 ( 0.004)

Output is in toi-008-019.txt
ia,iz,Emax (default Emax = 6 MeV)
 /Users/tdisbrow2/Documents/nushellx/toi/mass-data/aud16.dat                     
