ia,iz,Emax (default Emax = 6 MeV)
 o_023exp.lpt        file already exists                                (delete this file to make a new one)
 /Users/tdisbrow2/Documents/nushellx/toi/mass-data/aud16.dat                     

Based on ENSDF from November 2016 and 2016 mass evaluation

BE     =    164.760 ( 0.122) MeV
Qbeta- =     11.336 ( 0.126) MeV

           Energy T    J+                J-               J-other                T1/2

 /Users/tdisbrow2/Documents/nushellx/toi/toi-data/ensdf.023                      
-----------------------------------------------------------------------------------------------
 23O    1 |  0.000     1/2+ |                 |                               1  82 MS     +45-28  


S-p    =  24.432 ( 0.241)----------------------------------------------------------------------
S-n    =   2.733 ( 0.134)----------------------------------------------------------------------
S-2p   =   0.000 ( 0.000)----------------------------------------------------------------------
S-2n   =   9.583 ( 0.122)----------------------------------------------------------------------
S-alpha=  20.217 ( 0.157)----------------------------------------------------------------------

S+p       = -14.366 ( 0.156)
S+n       =  -4.192 ( 0.205)
S+2p      = -31.235 ( 0.125)
S+2n      =  -3.435 ( 0.205)
S+alpha   =  -9.995 ( 0.152)

gap p     =  10.067 ( 0.287)
gap n     =  -1.459 ( 0.245)
gap 2p    =   0.000 ( 0.000)
gap 2n    =   6.148 ( 0.239)
gap alpha =  10.222 ( 0.218)

Output is in toi-008-023.txt
ia,iz,Emax (default Emax = 6 MeV)
 /Users/tdisbrow2/Documents/nushellx/toi/mass-data/aud16.dat                     
