ia,iz,Emax (default Emax = 6 MeV)
 /Users/tdisbrow2/Documents/nushellx/toi/mass-data/aud16.dat                     

Based on ENSDF from November 2016 and 2016 mass evaluation

BE     =    139.808 ( 0.000) MeV

           Energy T    J+                J-               J-other                T1/2

 /Users/tdisbrow2/Documents/nushellx/toi/toi-data/ensdf.018                      
-----------------------------------------------------------------------------------------------
 18O    1 |  0.000 1 X 0+   |                 |                               1  STABLE            
 18O    2 |  1.982     2+   |                 |                               2  1.94 PS   5       
 18O    3 |  3.555     4+   |                 |                               3  17.2 PS   8       
 18O    4 |  3.634     0+   |                 |                               4  0.96 PS   11      
 18O    5 |  3.920     2+   |                 |                               5  18.4 FS   20      
 18O    6 |                 |   4.456     1-  |                               6  45 FS     10      
 18O    7 |                 |   5.098     3-  |                               7  43 FS     17      
 18O    8 |  5.255     2+   |                 |                               8  7.0 FS    3       
 18O    9 |  5.336     0+   |                 |                               9  139 FS    28      
 18O   10 |  5.378     3+   |                 |                              10  21 FS     LT      
 18O   11 |                 |   5.530     2-  |                              11  17 FS     LT      


S-p    =  15.942 ( 0.015)----------------------------------------------------------------------
S-n    =   8.045 ( 0.000)----------------------------------------------------------------------
S-2p   =  29.055 ( 0.004)----------------------------------------------------------------------
S-2n   =  12.188 ( 0.000)----------------------------------------------------------------------
S-alpha=   6.228 ( 0.000)----------------------------------------------------------------------

S+p       =  -7.994 ( 0.000)
S+n       =  -3.956 ( 0.003)
S+2p      = -20.837 ( 0.000)
S+2n      = -11.564 ( 0.001)
S+alpha   =  -9.667 ( 0.000)

gap p     =   7.948 ( 0.015)
gap n     =   4.090 ( 0.003)
gap 2p    =   8.218 ( 0.004)
gap 2n    =   0.625 ( 0.001)
gap alpha =  -3.439 ( 0.000)

Output is in toi-008-018.txt
ia,iz,Emax (default Emax = 6 MeV)
 /Users/tdisbrow2/Documents/nushellx/toi/mass-data/aud16.dat                     
